<?xml version="1.0" encoding="UTF-8"?>
<testng-results ignored="0" total="1" passed="1" failed="0" skipped="0">
  <reporter-output>
  </reporter-output>
  <suite started-at="2024-07-03T16:08:04 IST" name="SampleSuite" finished-at="2024-07-03T16:08:14 IST" duration-ms="9950">
    <groups>
      <group name="cucumber">
        <method signature="AbstractTestNGCucumberTests.runScenario(io.cucumber.testng.PickleWrapper,io.cucumber.testng.FeatureWrapper)[pri:0, instance:runners.test_runner@28dcca0c]" name="runScenario" class="io.cucumber.testng.AbstractTestNGCucumberTests"/>
      </group> <!-- cucumber -->
    </groups>
    <test started-at="2024-07-03T16:08:04 IST" name="SampleTest" finished-at="2024-07-03T16:08:14 IST" duration-ms="9950">
      <class name="runners.test_runner">
        <test-method is-config="true" signature="setUpClass(org.testng.ITestContext)[pri:0, instance:runners.test_runner@28dcca0c]" started-at="2024-07-03T16:08:04 IST" name="setUpClass" finished-at="2024-07-03T16:08:04 IST" duration-ms="87" status="PASS">
          <params>
            <param index="0">
              <value>
                <![CDATA[org.testng.TestRunner@6ed922e1]]>
              </value>
            </param>
          </params>
          <reporter-output>
          </reporter-output>
        </test-method> <!-- setUpClass -->
        <test-method signature="runScenario(io.cucumber.testng.PickleWrapper,io.cucumber.testng.FeatureWrapper)[pri:0, instance:runners.test_runner@28dcca0c]" started-at="2024-07-03T16:08:04 IST" name="runScenario" description="Runs Cucumber Scenarios" data-provider="scenarios" finished-at="2024-07-03T16:08:14 IST" duration-ms="9845" status="PASS">
          <params>
            <param index="0">
              <value>
                <![CDATA["working with windows in selenium"]]>
              </value>
            </param>
            <param index="1">
              <value>
                <![CDATA["This is a feature to understand windows and how to work with them"]]>
              </value>
            </param>
          </params>
          <reporter-output>
          </reporter-output>
        </test-method> <!-- runScenario -->
        <test-method is-config="true" signature="tearDownClass()[pri:0, instance:runners.test_runner@28dcca0c]" started-at="2024-07-03T16:08:14 IST" name="tearDownClass" finished-at="2024-07-03T16:08:14 IST" duration-ms="1" status="PASS">
          <reporter-output>
          </reporter-output>
        </test-method> <!-- tearDownClass -->
      </class> <!-- runners.test_runner -->
    </test> <!-- SampleTest -->
  </suite> <!-- SampleSuite -->
</testng-results>
